<?xml version="1.0" encoding="UTF-8"?>
<robot generator="Robot 3.2.1 (Python 3.8.2 on win32)" generated="20200602 10:25:36.942" rpa="false">
<suite id="s1" name="User Defined Keywords" source="C:\development\robot-scripts\keyword-demo\Tests">
<suite id="s1-s1" name="Demo" source="C:\development\robot-scripts\keyword-demo\Tests\demo.robot">
<test id="s1-s1-t1" name="Test Case 1">
<kw name="Do Something">
<kw name="Log" library="BuiltIn">
<doc>Logs the given message with the given level.</doc>
<arguments>
<arg>Do Something..</arg>
</arguments>
<msg timestamp="20200602 10:25:36.984" level="INFO">Do Something..</msg>
<status status="PASS" starttime="20200602 10:25:36.984" endtime="20200602 10:25:36.984"></status>
</kw>
<status status="PASS" starttime="20200602 10:25:36.983" endtime="20200602 10:25:36.984"></status>
</kw>
<kw name="Do Something Else">
<kw name="Log" library="BuiltIn">
<doc>Logs the given message with the given level.</doc>
<arguments>
<arg>Do Something Else...</arg>
</arguments>
<msg timestamp="20200602 10:25:36.985" level="INFO">Do Something Else...</msg>
<status status="PASS" starttime="20200602 10:25:36.985" endtime="20200602 10:25:36.985"></status>
</kw>
<status status="PASS" starttime="20200602 10:25:36.985" endtime="20200602 10:25:36.985"></status>
</kw>
<status status="PASS" starttime="20200602 10:25:36.983" endtime="20200602 10:25:36.986" critical="yes"></status>
</test>
<test id="s1-s1-t2" name="Test Case 2">
<kw name="Do Another Thing">
<kw name="Log" library="BuiltIn">
<doc>Logs the given message with the given level.</doc>
<arguments>
<arg>Do Another Thing...</arg>
</arguments>
<msg timestamp="20200602 10:25:36.989" level="INFO">Do Another Thing...</msg>
<status status="PASS" starttime="20200602 10:25:36.989" endtime="20200602 10:25:36.989"></status>
</kw>
<status status="PASS" starttime="20200602 10:25:36.989" endtime="20200602 10:25:36.989"></status>
</kw>
<kw name="Do Something Else">
<kw name="Log" library="BuiltIn">
<doc>Logs the given message with the given level.</doc>
<arguments>
<arg>Do Something Else...</arg>
</arguments>
<msg timestamp="20200602 10:25:36.990" level="INFO">Do Something Else...</msg>
<status status="PASS" starttime="20200602 10:25:36.990" endtime="20200602 10:25:36.990"></status>
</kw>
<status status="PASS" starttime="20200602 10:25:36.990" endtime="20200602 10:25:36.990"></status>
</kw>
<status status="PASS" starttime="20200602 10:25:36.988" endtime="20200602 10:25:36.991" critical="yes"></status>
</test>
<status status="PASS" starttime="20200602 10:25:36.979" endtime="20200602 10:25:36.993"></status>
</suite>
<status status="PASS" starttime="20200602 10:25:36.948" endtime="20200602 10:25:36.995"></status>
</suite>
<statistics>
<total>
<stat pass="2" fail="0">Critical Tests</stat>
<stat pass="2" fail="0">All Tests</stat>
</total>
<tag>
</tag>
<suite>
<stat pass="2" fail="0" id="s1" name="User Defined Keywords">User Defined Keywords</stat>
<stat pass="2" fail="0" id="s1-s1" name="Demo">User Defined Keywords.Demo</stat>
</suite>
</statistics>
<errors>
</errors>
</robot>
