<?xml version="1.0" encoding="UTF-8"?>
<robot generator="Robot 3.2.1 (Python 3.8.2 on win32)" generated="20200602 21:10:46.114" rpa="false">
<suite id="s1" name="ScopeVariables" source="C:\development\robot-scripts\keyword-demo\Tests\ScopeVariables.robot">
<test id="s1-t1" name="Accessing the Variables">
<kw name="Log" library="BuiltIn">
<doc>Logs the given message with the given level.</doc>
<arguments>
<arg>${GLOBAL_VARIABLE}</arg>
</arguments>
<msg timestamp="20200602 21:10:46.162" level="INFO">Global Variable from Resource File</msg>
<status status="PASS" starttime="20200602 21:10:46.162" endtime="20200602 21:10:46.162"></status>
</kw>
<status status="PASS" starttime="20200602 21:10:46.161" endtime="20200602 21:10:46.163" critical="yes"></status>
</test>
<status status="PASS" starttime="20200602 21:10:46.120" endtime="20200602 21:10:46.164"></status>
</suite>
<statistics>
<total>
<stat pass="1" fail="0">Critical Tests</stat>
<stat pass="1" fail="0">All Tests</stat>
</total>
<tag>
</tag>
<suite>
<stat pass="1" fail="0" id="s1" name="ScopeVariables">ScopeVariables</stat>
</suite>
</statistics>
<errors>
</errors>
</robot>
