<?xml version="1.0" encoding="UTF-8"?>
<robot generator="Robot 3.2.1 (Python 3.8.2 on win32)" generated="20200602 19:44:32.138" rpa="false">
<suite id="s1" name="ListVariables" source="C:\development\robot-scripts\keyword-demo\Tests\ListVariables.robot">
<test id="s1-t1" name="Listing the List Variables">
<kw name="Log" library="BuiltIn">
<doc>Logs the given message with the given level.</doc>
<arguments>
<arg>${My_Friends}[0]</arg>
</arguments>
<msg timestamp="20200602 19:44:32.176" level="INFO">Suresh</msg>
<status status="PASS" starttime="20200602 19:44:32.176" endtime="20200602 19:44:32.177"></status>
</kw>
<kw name="Log" library="BuiltIn">
<doc>Logs the given message with the given level.</doc>
<arguments>
<arg>${My_Friends}[1]</arg>
</arguments>
<msg timestamp="20200602 19:44:32.178" level="INFO">Surya</msg>
<status status="PASS" starttime="20200602 19:44:32.177" endtime="20200602 19:44:32.178"></status>
</kw>
<kw name="Log" library="BuiltIn">
<doc>Logs the given message with the given level.</doc>
<arguments>
<arg>${My_Friends}[2]</arg>
</arguments>
<msg timestamp="20200602 19:44:32.179" level="INFO">snigdha</msg>
<status status="PASS" starttime="20200602 19:44:32.178" endtime="20200602 19:44:32.179"></status>
</kw>
<status status="PASS" starttime="20200602 19:44:32.175" endtime="20200602 19:44:32.179" critical="yes"></status>
</test>
<status status="PASS" starttime="20200602 19:44:32.143" endtime="20200602 19:44:32.181"></status>
</suite>
<statistics>
<total>
<stat pass="1" fail="0">Critical Tests</stat>
<stat pass="1" fail="0">All Tests</stat>
</total>
<tag>
</tag>
<suite>
<stat pass="1" fail="0" id="s1" name="ListVariables">ListVariables</stat>
</suite>
</statistics>
<errors>
</errors>
</robot>
