<?xml version="1.0" encoding="UTF-8"?>
<robot generator="Robot 3.2.1 (Python 3.8.2 on win32)" generated="20200603 11:44:51.953" rpa="false">
<suite id="s1" name="Amazon" source="C:\development\robot-scripts\keyword-demo\Tests\Amazon.robot">
<kw name="Insert Test Data" library="Common" type="setup">
<kw name="Log" library="BuiltIn">
<doc>Logs the given message with the given level.</doc>
<arguments>
<arg>Inserting Test Data</arg>
</arguments>
<msg timestamp="20200603 11:44:52.420" level="INFO">Inserting Test Data</msg>
<status status="PASS" starttime="20200603 11:44:52.420" endtime="20200603 11:44:52.420"></status>
</kw>
<status status="PASS" starttime="20200603 11:44:52.420" endtime="20200603 11:44:52.420"></status>
</kw>
<test id="s1-t1" name="User must sign in to checkout">
<kw name="Begin Web Test" library="Common" type="setup">
<kw name="Open Browser" library="SeleniumLibrary">
<doc>Opens a new browser instance to the optional ``url``.</doc>
<arguments>
<arg>about:blank</arg>
<arg>${BROWSER}</arg>
</arguments>
<msg timestamp="20200603 11:44:52.422" level="INFO">Opening browser 'firefox' to base url 'about:blank'.</msg>
<msg timestamp="20200603 11:44:52.429" level="INFO">Firefox driver log is always forced to to: C:\development\robot-scripts\keyword-demo\Results\AmazonCMDVariables\geckodriver-1.log</msg>
<status status="PASS" starttime="20200603 11:44:52.422" endtime="20200603 11:44:59.516"></status>
</kw>
<kw name="Maximize Browser Window" library="SeleniumLibrary">
<doc>Maximizes current browser window.</doc>
<status status="PASS" starttime="20200603 11:44:59.517" endtime="20200603 11:44:59.775"></status>
</kw>
<status status="PASS" starttime="20200603 11:44:52.422" endtime="20200603 11:44:59.775"></status>
</kw>
<kw name="User Search for the Products" library="Amazon">
<kw name="Load Page" library="LandingPage">
<kw name="Go To" library="SeleniumLibrary">
<doc>Navigates the current browser window to the provided ``url``.</doc>
<arguments>
<arg>${START_URL}</arg>
</arguments>
<msg timestamp="20200603 11:44:59.777" level="INFO">Opening url 'https://www.amazon.in'</msg>
<status status="PASS" starttime="20200603 11:44:59.777" endtime="20200603 11:45:01.882"></status>
</kw>
<status status="PASS" starttime="20200603 11:44:59.776" endtime="20200603 11:45:01.882"></status>
</kw>
<kw name="Verify Page Loaded" library="LandingPage">
<kw name="Get Location" library="SeleniumLibrary">
<doc>Returns the current browser window URL.</doc>
<status status="PASS" starttime="20200603 11:45:01.884" endtime="20200603 11:45:01.887"></status>
</kw>
<kw name="Location Should Be" library="SeleniumLibrary">
<doc>Verifies that the current URL is exactly ``url``.</doc>
<arguments>
<arg>https://www.amazon.in/</arg>
</arguments>
<msg timestamp="20200603 11:45:01.891" level="INFO">Current location is 'https://www.amazon.in/'.</msg>
<status status="PASS" starttime="20200603 11:45:01.888" endtime="20200603 11:45:01.891"></status>
</kw>
<kw name="Wait Until Page Contains" library="SeleniumLibrary">
<doc>Waits until ``text`` appears on the current page.</doc>
<arguments>
<arg>Amazon.com, Inc. or its affiliates</arg>
</arguments>
<status status="PASS" starttime="20200603 11:45:01.892" endtime="20200603 11:45:01.930"></status>
</kw>
<status status="PASS" starttime="20200603 11:45:01.883" endtime="20200603 11:45:01.931"></status>
</kw>
<kw name="Search the Product" library="SearchProduct">
<kw name="Input Text" library="SeleniumLibrary">
<doc>Types the given ``text`` into the text field identified by ``locator``.</doc>
<arguments>
<arg>id=twotabsearchtextbox</arg>
<arg>${SEARCH_TERM}</arg>
</arguments>
<msg timestamp="20200603 11:45:01.932" level="INFO">Typing text 'Gita' into text field 'id=twotabsearchtextbox'.</msg>
<status status="PASS" starttime="20200603 11:45:01.932" endtime="20200603 11:45:01.978"></status>
</kw>
<kw name="Click Button" library="SeleniumLibrary">
<doc>Clicks the button identified by ``locator``.</doc>
<arguments>
<arg>xpath=//header//div[2]//div[1]//input[1]</arg>
</arguments>
<msg timestamp="20200603 11:45:01.979" level="INFO">Clicking button 'xpath=//header//div[2]//div[1]//input[1]'.</msg>
<status status="PASS" starttime="20200603 11:45:01.979" endtime="20200603 11:45:03.449"></status>
</kw>
<kw name="Wait Until Page Contains" library="SeleniumLibrary">
<doc>Waits until ``text`` appears on the current page.</doc>
<arguments>
<arg>results for "${SEARCH_TERM}"</arg>
</arguments>
<status status="PASS" starttime="20200603 11:45:03.449" endtime="20200603 11:45:03.559"></status>
</kw>
<status status="PASS" starttime="20200603 11:45:01.931" endtime="20200603 11:45:03.559"></status>
</kw>
<status status="PASS" starttime="20200603 11:44:59.775" endtime="20200603 11:45:03.560"></status>
</kw>
<kw name="User Selects Product from Search Results" library="Amazon">
<kw name="Select the Product from List" library="SelectProduct">
<kw name="Click Link" library="SeleniumLibrary">
<doc>Clicks a link identified by ``locator``.</doc>
<arguments>
<arg>xpath=//div[3]//div[1]//span[1]//div[1]//div[1]//div[2]//h2[1]//a[1]</arg>
</arguments>
<msg timestamp="20200603 11:45:03.562" level="INFO">Clicking link 'xpath=//div[3]//div[1]//span[1]//div[1]//div[1]//div[2]//h2[1]//a[1]'.</msg>
<status status="PASS" starttime="20200603 11:45:03.561" endtime="20200603 11:45:04.268"></status>
</kw>
<status status="PASS" starttime="20200603 11:45:03.561" endtime="20200603 11:45:04.269"></status>
</kw>
<status status="PASS" starttime="20200603 11:45:03.560" endtime="20200603 11:45:04.269"></status>
</kw>
<kw name="End Web Test" library="Common" type="teardown">
<kw name="Close All Browsers" library="SeleniumLibrary">
<doc>Closes all open browsers and resets the browser cache.</doc>
<status status="PASS" starttime="20200603 11:45:04.270" endtime="20200603 11:45:06.731"></status>
</kw>
<status status="PASS" starttime="20200603 11:45:04.270" endtime="20200603 11:45:06.731"></status>
</kw>
<doc>This is basic info about the Test</doc>
<tags>
<tag>Smoke</tag>
</tags>
<status status="PASS" starttime="20200603 11:44:52.421" endtime="20200603 11:45:06.732" critical="yes"></status>
</test>
<kw name="Cleanup Test Data" library="Common" type="teardown">
<kw name="Log" library="BuiltIn">
<doc>Logs the given message with the given level.</doc>
<arguments>
<arg>Cleaning up Test Data</arg>
</arguments>
<msg timestamp="20200603 11:45:06.734" level="INFO">Cleaning up Test Data</msg>
<status status="PASS" starttime="20200603 11:45:06.734" endtime="20200603 11:45:06.734"></status>
</kw>
<status status="PASS" starttime="20200603 11:45:06.734" endtime="20200603 11:45:06.734"></status>
</kw>
<doc>This is basic info about whole suite</doc>
<status status="PASS" starttime="20200603 11:44:51.961" endtime="20200603 11:45:06.734"></status>
</suite>
<statistics>
<total>
<stat pass="1" fail="0">Critical Tests</stat>
<stat pass="1" fail="0">All Tests</stat>
</total>
<tag>
<stat pass="1" fail="0">Smoke</stat>
</tag>
<suite>
<stat pass="1" fail="0" id="s1" name="Amazon">Amazon</stat>
</suite>
</statistics>
<errors>
</errors>
</robot>
