<?xml version="1.0" encoding="UTF-8"?>
<robot generator="Robot 3.2.1 (Python 3.8.2 on win32)" generated="20200603 11:26:59.328" rpa="false">
<suite id="s1" name="PassingListVariables" source="C:\development\robot-scripts\keyword-demo\Tests\PassingListVariables.robot">
<test id="s1-t1" name="User can access Google Website">
<kw name="Create List" library="BuiltIn">
<doc>Returns a list containing given items.</doc>
<arguments>
<arg>https://www.google.com</arg>
<arg>chrome</arg>
</arguments>
<assign>
<var>@{url_browser}</var>
</assign>
<msg timestamp="20200603 11:26:59.669" level="INFO">@{url_browser} = [ https://www.google.com | chrome ]</msg>
<status status="PASS" starttime="20200603 11:26:59.669" endtime="20200603 11:26:59.669"></status>
</kw>
<kw name="Begin Web Test">
<arguments>
<arg>@{url_browser}</arg>
</arguments>
<kw name="Open Browser" library="SeleniumLibrary">
<doc>Opens a new browser instance to the optional ``url``.</doc>
<arguments>
<arg>${url_browser}[0]</arg>
<arg>${url_browser}[1]</arg>
</arguments>
<msg timestamp="20200603 11:26:59.671" level="INFO">Opening browser 'chrome' to base url 'https://www.google.com'.</msg>
<status status="PASS" starttime="20200603 11:26:59.670" endtime="20200603 11:27:02.719"></status>
</kw>
<kw name="Close Browser" library="SeleniumLibrary">
<doc>Closes the current browser.</doc>
<status status="PASS" starttime="20200603 11:27:02.719" endtime="20200603 11:27:04.915"></status>
</kw>
<status status="PASS" starttime="20200603 11:26:59.670" endtime="20200603 11:27:04.915"></status>
</kw>
<status status="PASS" starttime="20200603 11:26:59.668" endtime="20200603 11:27:04.916" critical="yes"></status>
</test>
<status status="PASS" starttime="20200603 11:26:59.333" endtime="20200603 11:27:04.920"></status>
</suite>
<statistics>
<total>
<stat pass="1" fail="0">Critical Tests</stat>
<stat pass="1" fail="0">All Tests</stat>
</total>
<tag>
</tag>
<suite>
<stat pass="1" fail="0" id="s1" name="PassingListVariables">PassingListVariables</stat>
</suite>
</statistics>
<errors>
</errors>
</robot>
