<?xml version="1.0" encoding="UTF-8"?>
<robot generator="Robot 3.2.1 (Python 3.8.2 on win32)" generated="20200603 11:21:28.657" rpa="false">
<suite id="s1" name="PassingVariables" source="C:\development\robot-scripts\keyword-demo\Tests\PassingVariables.robot">
<test id="s1-t1" name="User can search for products">
<kw name="Begin Web Test">
<arguments>
<arg>https://www.google.com</arg>
<arg>chrome</arg>
</arguments>
<kw name="Open Browser" library="SeleniumLibrary">
<doc>Opens a new browser instance to the optional ``url``.</doc>
<arguments>
<arg>${url}</arg>
<arg>${browser}</arg>
</arguments>
<msg timestamp="20200603 11:21:29.006" level="INFO">Opening browser 'chrome' to base url 'https://www.google.com'.</msg>
<status status="PASS" starttime="20200603 11:21:29.006" endtime="20200603 11:21:32.045"></status>
</kw>
<kw name="Close Browser" library="SeleniumLibrary">
<doc>Closes the current browser.</doc>
<status status="PASS" starttime="20200603 11:21:32.046" endtime="20200603 11:21:34.215"></status>
</kw>
<status status="PASS" starttime="20200603 11:21:29.006" endtime="20200603 11:21:34.215"></status>
</kw>
<status status="PASS" starttime="20200603 11:21:29.005" endtime="20200603 11:21:34.216" critical="yes"></status>
</test>
<status status="PASS" starttime="20200603 11:21:28.662" endtime="20200603 11:21:34.218"></status>
</suite>
<statistics>
<total>
<stat pass="1" fail="0">Critical Tests</stat>
<stat pass="1" fail="0">All Tests</stat>
</total>
<tag>
</tag>
<suite>
<stat pass="1" fail="0" id="s1" name="PassingVariables">PassingVariables</stat>
</suite>
</statistics>
<errors>
</errors>
</robot>
